
> frontend@0.1.0 start
> react-scripts start

(node:197305) [DEP_WEBPACK_DEV_SERVER_ON_AFTER_SETUP_MIDDLEWARE] DeprecationWarning: 'onAfterSetupMiddleware' option is deprecated. Please use the 'setupMiddlewares' option.
(Use `node --trace-deprecation ...` to show where the warning was created)
(node:197305) [DEP_WEBPACK_DEV_SERVER_ON_BEFORE_SETUP_MIDDLEWARE] DeprecationWarning: 'onBeforeSetupMiddleware' option is deprecated. Please use the 'setupMiddlewares' option.
Starting the development server...

Compiled successfully!

You can now view frontend in the browser.

  Local:            http://localhost:3000
  On Your Network:  http://192.168.31.208:3000

Note that the development build is not optimized.
To create a production build, use npm run build.

webpack compiled successfully
Files successfully emitted, waiting for typecheck results...
Issues checking in progress...
No issues found.
Compiling...
Compiled with warnings.

[eslint] 
src/pages/RolePlay/RolePlayChat.tsx
  Line 30:3:   'StarOutlined' is defined but never used                                                                                                                   @typescript-eslint/no-unused-vars
  Line 251:6:  React Hook useEffect has missing dependencies: 'loadCharacter', 'loadSession', and 'loadUserSessions'. Either include them or remove the dependency array  react-hooks/exhaustive-deps

Search for the keywords to learn more about each warning.
To ignore, add // eslint-disable-next-line to the line before.

WARNING in [eslint] 
src/pages/RolePlay/RolePlayChat.tsx
  Line 30:3:   'StarOutlined' is defined but never used                                                                                                                   @typescript-eslint/no-unused-vars
  Line 251:6:  React Hook useEffect has missing dependencies: 'loadCharacter', 'loadSession', and 'loadUserSessions'. Either include them or remove the dependency array  react-hooks/exhaustive-deps

webpack compiled with 1 warning
No issues found.
Compiling...
Compiled with warnings.

[eslint] 
src/pages/RolePlay/RolePlayChat.tsx
  Line 30:3:   'StarOutlined' is defined but never used                                                                                                                   @typescript-eslint/no-unused-vars
  Line 251:6:  React Hook useEffect has missing dependencies: 'loadCharacter', 'loadSession', and 'loadUserSessions'. Either include them or remove the dependency array  react-hooks/exhaustive-deps

Search for the keywords to learn more about each warning.
To ignore, add // eslint-disable-next-line to the line before.

WARNING in [eslint] 
src/pages/RolePlay/RolePlayChat.tsx
  Line 30:3:   'StarOutlined' is defined but never used                                                                                                                   @typescript-eslint/no-unused-vars
  Line 251:6:  React Hook useEffect has missing dependencies: 'loadCharacter', 'loadSession', and 'loadUserSessions'. Either include them or remove the dependency array  react-hooks/exhaustive-deps

webpack compiled with 1 warning
No issues found.
Compiling...
Compiled with warnings.

[eslint] 
src/pages/RolePlay/RolePlayChat.tsx
  Line 30:3:   'StarOutlined' is defined but never used                                                                                                                   @typescript-eslint/no-unused-vars
  Line 251:6:  React Hook useEffect has missing dependencies: 'loadCharacter', 'loadSession', and 'loadUserSessions'. Either include them or remove the dependency array  react-hooks/exhaustive-deps

Search for the keywords to learn more about each warning.
To ignore, add // eslint-disable-next-line to the line before.

WARNING in [eslint] 
src/pages/RolePlay/RolePlayChat.tsx
  Line 30:3:   'StarOutlined' is defined but never used                                                                                                                   @typescript-eslint/no-unused-vars
  Line 251:6:  React Hook useEffect has missing dependencies: 'loadCharacter', 'loadSession', and 'loadUserSessions'. Either include them or remove the dependency array  react-hooks/exhaustive-deps

webpack compiled with 1 warning
No issues found.
Compiling...
Compiled with warnings.

[eslint] 
src/pages/RolePlay/RolePlayChat.tsx
  Line 30:3:   'StarOutlined' is defined but never used                                                                                                                   @typescript-eslint/no-unused-vars
  Line 251:6:  React Hook useEffect has missing dependencies: 'loadCharacter', 'loadSession', and 'loadUserSessions'. Either include them or remove the dependency array  react-hooks/exhaustive-deps

Search for the keywords to learn more about each warning.
To ignore, add // eslint-disable-next-line to the line before.

WARNING in [eslint] 
src/pages/RolePlay/RolePlayChat.tsx
  Line 30:3:   'StarOutlined' is defined but never used                                                                                                                   @typescript-eslint/no-unused-vars
  Line 251:6:  React Hook useEffect has missing dependencies: 'loadCharacter', 'loadSession', and 'loadUserSessions'. Either include them or remove the dependency array  react-hooks/exhaustive-deps

webpack compiled with 1 warning
No issues found.
Compiling...
Compiled with warnings.

[eslint] 
src/pages/RolePlay/RolePlayChat.tsx
  Line 30:3:   'StarOutlined' is defined but never used                                                                                                                   @typescript-eslint/no-unused-vars
  Line 251:6:  React Hook useEffect has missing dependencies: 'loadCharacter', 'loadSession', and 'loadUserSessions'. Either include them or remove the dependency array  react-hooks/exhaustive-deps

Search for the keywords to learn more about each warning.
To ignore, add // eslint-disable-next-line to the line before.

WARNING in [eslint] 
src/pages/RolePlay/RolePlayChat.tsx
  Line 30:3:   'StarOutlined' is defined but never used                                                                                                                   @typescript-eslint/no-unused-vars
  Line 251:6:  React Hook useEffect has missing dependencies: 'loadCharacter', 'loadSession', and 'loadUserSessions'. Either include them or remove the dependency array  react-hooks/exhaustive-deps

webpack compiled with 1 warning
No issues found.
Compiling...
Compiled with warnings.

[eslint] 
src/pages/RolePlay/RolePlayChat.tsx
  Line 30:3:   'StarOutlined' is defined but never used                                                                                                                   @typescript-eslint/no-unused-vars
  Line 251:6:  React Hook useEffect has missing dependencies: 'loadCharacter', 'loadSession', and 'loadUserSessions'. Either include them or remove the dependency array  react-hooks/exhaustive-deps

Search for the keywords to learn more about each warning.
To ignore, add // eslint-disable-next-line to the line before.

WARNING in [eslint] 
src/pages/RolePlay/RolePlayChat.tsx
  Line 30:3:   'StarOutlined' is defined but never used                                                                                                                   @typescript-eslint/no-unused-vars
  Line 251:6:  React Hook useEffect has missing dependencies: 'loadCharacter', 'loadSession', and 'loadUserSessions'. Either include them or remove the dependency array  react-hooks/exhaustive-deps

webpack compiled with 1 warning
No issues found.
Compiling...
Compiled with warnings.

[eslint] 
src/pages/RolePlay/RolePlayChat.tsx
  Line 30:3:   'StarOutlined' is defined but never used                                                                                                                   @typescript-eslint/no-unused-vars
  Line 251:6:  React Hook useEffect has missing dependencies: 'loadCharacter', 'loadSession', and 'loadUserSessions'. Either include them or remove the dependency array  react-hooks/exhaustive-deps

Search for the keywords to learn more about each warning.
To ignore, add // eslint-disable-next-line to the line before.

WARNING in [eslint] 
src/pages/RolePlay/RolePlayChat.tsx
  Line 30:3:   'StarOutlined' is defined but never used                                                                                                                   @typescript-eslint/no-unused-vars
  Line 251:6:  React Hook useEffect has missing dependencies: 'loadCharacter', 'loadSession', and 'loadUserSessions'. Either include them or remove the dependency array  react-hooks/exhaustive-deps

webpack compiled with 1 warning
No issues found.
Compiling...
Compiled with warnings.

[eslint] 
src/pages/RolePlay/RolePlayChat.tsx
  Line 30:3:   'StarOutlined' is defined but never used                                                                                                                   @typescript-eslint/no-unused-vars
  Line 251:6:  React Hook useEffect has missing dependencies: 'loadCharacter', 'loadSession', and 'loadUserSessions'. Either include them or remove the dependency array  react-hooks/exhaustive-deps

Search for the keywords to learn more about each warning.
To ignore, add // eslint-disable-next-line to the line before.

WARNING in [eslint] 
src/pages/RolePlay/RolePlayChat.tsx
  Line 30:3:   'StarOutlined' is defined but never used                                                                                                                   @typescript-eslint/no-unused-vars
  Line 251:6:  React Hook useEffect has missing dependencies: 'loadCharacter', 'loadSession', and 'loadUserSessions'. Either include them or remove the dependency array  react-hooks/exhaustive-deps

webpack compiled with 1 warning
No issues found.
Compiling...
Compiled with warnings.

[eslint] 
src/pages/RolePlay/RolePlayChat.tsx
  Line 30:3:   'StarOutlined' is defined but never used                                                                                                                   @typescript-eslint/no-unused-vars
  Line 251:6:  React Hook useEffect has missing dependencies: 'loadCharacter', 'loadSession', and 'loadUserSessions'. Either include them or remove the dependency array  react-hooks/exhaustive-deps

Search for the keywords to learn more about each warning.
To ignore, add // eslint-disable-next-line to the line before.

WARNING in [eslint] 
src/pages/RolePlay/RolePlayChat.tsx
  Line 30:3:   'StarOutlined' is defined but never used                                                                                                                   @typescript-eslint/no-unused-vars
  Line 251:6:  React Hook useEffect has missing dependencies: 'loadCharacter', 'loadSession', and 'loadUserSessions'. Either include them or remove the dependency array  react-hooks/exhaustive-deps

webpack compiled with 1 warning
No issues found.
Compiling...
Compiled with warnings.

[eslint] 
src/pages/RolePlay/RolePlayChat.tsx
  Line 30:3:   'StarOutlined' is defined but never used                                                                                                                   @typescript-eslint/no-unused-vars
  Line 251:6:  React Hook useEffect has missing dependencies: 'loadCharacter', 'loadSession', and 'loadUserSessions'. Either include them or remove the dependency array  react-hooks/exhaustive-deps

Search for the keywords to learn more about each warning.
To ignore, add // eslint-disable-next-line to the line before.

WARNING in [eslint] 
src/pages/RolePlay/RolePlayChat.tsx
  Line 30:3:   'StarOutlined' is defined but never used                                                                                                                   @typescript-eslint/no-unused-vars
  Line 251:6:  React Hook useEffect has missing dependencies: 'loadCharacter', 'loadSession', and 'loadUserSessions'. Either include them or remove the dependency array  react-hooks/exhaustive-deps

webpack compiled with 1 warning
No issues found.
